<?xml version="1.0" encoding="UTF-8"?>
<!-- Generated by org.testng.reporters.JUnitReportReporter -->
<testsuite hostname="EGCA1-0091" failures="0" tests="5" name="test_cases.CheckMainOperations" time="22.009" errors="0" timestamp="2022-06-23T12:46:54 EET" skipped="0">
  <testcase classname="test_cases.CheckMainOperations" name="checkSummationOperation" time="4.007"/>
  <system-out/>
  <testcase classname="test_cases.CheckMainOperations" name="checkSubtractionOperation" time="4.479"/>
  <system-out/>
  <testcase classname="test_cases.CheckMainOperations" name="checkMultiblicationOperation" time="4.150"/>
  <system-out/>
  <testcase classname="test_cases.CheckMainOperations" name="checkDivisionOperation" time="5.441"/>
  <system-out/>
  <testcase classname="test_cases.CheckMainOperations" name="checkModulasOperation" time="3.932"/>
  <system-out/>
</testsuite> <!-- test_cases.CheckMainOperations -->
