<?xml version="1.0" encoding="UTF-8"?>
<!-- Generated by org.testng.reporters.JUnitReportReporter -->
<testsuite skipped="0" hostname="EGCA1-0091" name="test_cases.CheckMainOperations" tests="5" failures="0" timestamp="2022-09-29T22:03:34 EET" time="25.951" errors="0">
  <testcase name="checkSummationOperation" time="6.221" classname="test_cases.CheckMainOperations"/>
  <system-out/>
  <testcase name="checkSubtractionOperation" time="4.763" classname="test_cases.CheckMainOperations"/>
  <system-out/>
  <testcase name="checkMultiblicationOperation" time="4.572" classname="test_cases.CheckMainOperations"/>
  <system-out/>
  <testcase name="checkDivisionOperation" time="5.727" classname="test_cases.CheckMainOperations"/>
  <system-out/>
  <testcase name="checkModulasOperation" time="4.668" classname="test_cases.CheckMainOperations"/>
  <system-out/>
</testsuite> <!-- test_cases.CheckMainOperations -->
