<?xml version="1.0" encoding="UTF-8"?>
<!-- Generated by org.testng.reporters.JUnitReportReporter -->
<testsuite hostname="EGCA1-0091" failures="0" tests="5" name="main.Start" time="23.437" errors="0" timestamp="2022-03-31T22:20:59 EET" skipped="0">
  <testcase classname="main.Start" name="checkSummationOperation" time="5.340"/>
  <system-out/>
  <testcase classname="main.Start" name="checkSubtractionOperation" time="4.425"/>
  <system-out/>
  <testcase classname="main.Start" name="checkMultiblicationOperation" time="4.119"/>
  <system-out/>
  <testcase classname="main.Start" name="checkDivisionOperation" time="5.412"/>
  <system-out/>
  <testcase classname="main.Start" name="checkModulasOperation" time="4.141"/>
  <system-out/>
</testsuite> <!-- main.Start -->
