<?xml version="1.0" encoding="UTF-8"?>
<!-- Generated by org.testng.reporters.JUnitReportReporter -->
<testsuite hostname="EGCA1-0091" failures="0" tests="5" name="test_cases.CheckMainOperations" time="29.984" errors="0" timestamp="2022-07-23T22:49:28 EET" skipped="0">
  <testcase classname="test_cases.CheckMainOperations" name="checkSummationOperation" time="7.602"/>
  <system-out/>
  <testcase classname="test_cases.CheckMainOperations" name="checkSubtractionOperation" time="5.292"/>
  <system-out/>
  <testcase classname="test_cases.CheckMainOperations" name="checkMultiblicationOperation" time="5.210"/>
  <system-out/>
  <testcase classname="test_cases.CheckMainOperations" name="checkDivisionOperation" time="6.882"/>
  <system-out/>
  <testcase classname="test_cases.CheckMainOperations" name="checkModulasOperation" time="4.998"/>
  <system-out/>
</testsuite> <!-- test_cases.CheckMainOperations -->
